<?xml version="1.0" encoding="UTF-8"?>
<testsuite xmlns:xsi="http://www.w3.org/2001/XMLSchema-instance" xsi:noNamespaceSchemaLocation="https://maven.apache.org/surefire/maven-surefire-plugin/xsd/surefire-test-report.xsd" name="com.deep.JSONSchemaUnitTest" time="0.096" tests="2" errors="2" skipped="0" failures="0">
  <properties>
    <property name="awt.toolkit" value="sun.awt.X11.XToolkit"/>
    <property name="java.specification.version" value="11"/>
    <property name="sun.cpu.isalist" value=""/>
    <property name="sun.jnu.encoding" value="UTF-8"/>
    <property name="java.class.path" value="/workspace/jsonschemavalidator/target/test-classes:/workspace/jsonschemavalidator/target/classes:/workspace/m2-repository/junit/junit/4.11/junit-4.11.jar:/workspace/m2-repository/org/hamcrest/hamcrest-core/1.3/hamcrest-core-1.3.jar:/workspace/m2-repository/org/everit/json/org.everit.json.schema/1.3.0/org.everit.json.schema-1.3.0.jar:/workspace/m2-repository/org/json/json/20160212/json-20160212.jar:/workspace/m2-repository/com/google/guava/guava/19.0/guava-19.0.jar:/workspace/m2-repository/commons-validator/commons-validator/1.5.0/commons-validator-1.5.0.jar:/workspace/m2-repository/commons-beanutils/commons-beanutils/1.9.2/commons-beanutils-1.9.2.jar:/workspace/m2-repository/commons-digester/commons-digester/1.8.1/commons-digester-1.8.1.jar:/workspace/m2-repository/commons-logging/commons-logging/1.2/commons-logging-1.2.jar:/workspace/m2-repository/commons-collections/commons-collections/3.2.2/commons-collections-3.2.2.jar:"/>
    <property name="java.vm.vendor" value="Azul Systems, Inc."/>
    <property name="sun.arch.data.model" value="64"/>
    <property name="java.vendor.url" value="http://www.azulsystems.com/"/>
    <property name="user.timezone" value=""/>
    <property name="java.vm.specification.version" value="11"/>
    <property name="os.name" value="Linux"/>
    <property name="sun.java.launcher" value="SUN_STANDARD"/>
    <property name="user.country" value="US"/>
    <property name="sun.boot.library.path" value="/home/gitpod/.sdkman/candidates/java/11.0.6.fx-zulu/lib"/>
    <property name="sun.java.command" value="/workspace/jsonschemavalidator/target/surefire/surefirebooter12573592751884069926.jar /workspace/jsonschemavalidator/target/surefire 2020-06-17T22-34-53_712-jvmRun1 surefire15461554593836408892tmp surefire_017769323626851246649tmp"/>
    <property name="jdk.debug" value="release"/>
    <property name="surefire.test.class.path" value="/workspace/jsonschemavalidator/target/test-classes:/workspace/jsonschemavalidator/target/classes:/workspace/m2-repository/junit/junit/4.11/junit-4.11.jar:/workspace/m2-repository/org/hamcrest/hamcrest-core/1.3/hamcrest-core-1.3.jar:/workspace/m2-repository/org/everit/json/org.everit.json.schema/1.3.0/org.everit.json.schema-1.3.0.jar:/workspace/m2-repository/org/json/json/20160212/json-20160212.jar:/workspace/m2-repository/com/google/guava/guava/19.0/guava-19.0.jar:/workspace/m2-repository/commons-validator/commons-validator/1.5.0/commons-validator-1.5.0.jar:/workspace/m2-repository/commons-beanutils/commons-beanutils/1.9.2/commons-beanutils-1.9.2.jar:/workspace/m2-repository/commons-digester/commons-digester/1.8.1/commons-digester-1.8.1.jar:/workspace/m2-repository/commons-logging/commons-logging/1.2/commons-logging-1.2.jar:/workspace/m2-repository/commons-collections/commons-collections/3.2.2/commons-collections-3.2.2.jar:"/>
    <property name="sun.cpu.endian" value="little"/>
    <property name="user.home" value="/home/gitpod"/>
    <property name="user.language" value="en"/>
    <property name="java.specification.vendor" value="Oracle Corporation"/>
    <property name="java.version.date" value="2020-01-14"/>
    <property name="java.home" value="/home/gitpod/.sdkman/candidates/java/11.0.6.fx-zulu"/>
    <property name="file.separator" value="/"/>
    <property name="basedir" value="/workspace/jsonschemavalidator"/>
    <property name="java.vm.compressedOopsMode" value="Zero based"/>
    <property name="line.separator" value="&#10;"/>
    <property name="java.specification.name" value="Java Platform API Specification"/>
    <property name="java.vm.specification.vendor" value="Oracle Corporation"/>
    <property name="java.awt.graphicsenv" value="sun.awt.X11GraphicsEnvironment"/>
    <property name="surefire.real.class.path" value="/workspace/jsonschemavalidator/target/surefire/surefirebooter12573592751884069926.jar"/>
    <property name="sun.management.compiler" value="HotSpot 64-Bit Tiered Compilers"/>
    <property name="java.runtime.version" value="11.0.6+10-LTS"/>
    <property name="user.name" value="gitpod"/>
    <property name="path.separator" value=":"/>
    <property name="os.version" value="4.14.138+"/>
    <property name="java.runtime.name" value="OpenJDK Runtime Environment"/>
    <property name="file.encoding" value="UTF-8"/>
    <property name="java.vm.name" value="OpenJDK 64-Bit Server VM"/>
    <property name="java.vendor.version" value="Zulu11.37+19-CA"/>
    <property name="localRepository" value="/workspace/m2-repository"/>
    <property name="java.vendor.url.bug" value="http://www.azulsystems.com/support/"/>
    <property name="java.io.tmpdir" value="/tmp"/>
    <property name="java.version" value="11.0.6"/>
    <property name="user.dir" value="/workspace/jsonschemavalidator"/>
    <property name="os.arch" value="amd64"/>
    <property name="java.vm.specification.name" value="Java Virtual Machine Specification"/>
    <property name="java.awt.printerjob" value="sun.print.PSPrinterJob"/>
    <property name="sun.os.patch.level" value="unknown"/>
    <property name="java.library.path" value="/usr/java/packages/lib:/usr/lib64:/lib64:/lib:/usr/lib"/>
    <property name="java.vendor" value="Azul Systems, Inc."/>
    <property name="java.vm.info" value="mixed mode"/>
    <property name="java.vm.version" value="11.0.6+10-LTS"/>
    <property name="sun.io.unicode.encoding" value="UnicodeLittle"/>
    <property name="java.class.version" value="55.0"/>
  </properties>
  <testcase name="givenInvalidInput_whenValidating_thenInvalid" classname="com.deep.JSONSchemaUnitTest" time="0.046">
    <error message="Unexpected exception, expected&lt;org.everit.json.schema.ValidationException&gt; but was&lt;org.json.JSONException&gt;" type="java.lang.Exception"><![CDATA[java.lang.Exception: Unexpected exception, expected<org.everit.json.schema.ValidationException> but was<org.json.JSONException>
	at com.deep.JSONSchemaUnitTest.givenInvalidInput_whenValidating_thenInvalid(JSONSchemaUnitTest.java:18)
]]></error>
  </testcase>
  <testcase name="givenValidInput_whenValidating_thenValid" classname="com.deep.JSONSchemaUnitTest" time="0.001">
    <error type="java.lang.NullPointerException">java.lang.NullPointerException
	at com.deep.JSONSchemaUnitTest.givenValidInput_whenValidating_thenValid(JSONSchemaUnitTest.java:27)
</error>
  </testcase>
</testsuite>